<?xml version="1.0" encoding="UTF-8"?>
<!-- Generated by org.testng.reporters.JUnitReportReporter -->
<testsuite hostname="SHIV" name="sele_jen_git.NewTest" tests="1" failures="0" timestamp="29 Apr 2017 18:16:05 GMT" time="0.009" errors="0">
  <testcase name="f" time="0.009" classname="sele_jen_git.NewTest"/>
</testsuite> <!-- sele_jen_git.NewTest -->
